Release 14.7 - xst P.20131013 (nt64)
Copyright (c) 1995-2013 Xilinx, Inc.  All rights reserved.
--> Parameter TMPDIR set to xst/projnav.tmp


Total REAL time to Xst completion: 1.00 secs
Total CPU time to Xst completion: 0.42 secs
 
--> Parameter xsthdpdir set to xst


Total REAL time to Xst completion: 1.00 secs
Total CPU time to Xst completion: 0.42 secs
 
--> Reading design: clock.prj

TABLE OF CONTENTS
  1) Synthesis Options Summary
  2) HDL Compilation
  3) Design Hierarchy Analysis
  4) HDL Analysis
  5) HDL Synthesis
     5.1) HDL Synthesis Report
  6) Advanced HDL Synthesis
     6.1) Advanced HDL Synthesis Report
  7) Low Level Synthesis
  8) Partition Report
  9) Final Report
	9.1) Device utilization summary
	9.2) Partition Resource Summary
	9.3) TIMING REPORT


=========================================================================
*                      Synthesis Options Summary                        *
=========================================================================
---- Source Parameters
Input File Name                    : "clock.prj"
Input Format                       : mixed
Ignore Synthesis Constraint File   : NO

---- Target Parameters
Output File Name                   : "clock"
Output Format                      : NGC
Target Device                      : xc3s400-5-pq208

---- Source Options
Top Module Name                    : clock
Automatic FSM Extraction           : YES
FSM Encoding Algorithm             : Auto
Safe Implementation                : No
FSM Style                          : LUT
RAM Extraction                     : Yes
RAM Style                          : Auto
ROM Extraction                     : Yes
Mux Style                          : Auto
Decoder Extraction                 : YES
Priority Encoder Extraction        : Yes
Shift Register Extraction          : YES
Logical Shifter Extraction         : YES
XOR Collapsing                     : YES
ROM Style                          : Auto
Mux Extraction                     : Yes
Resource Sharing                   : YES
Asynchronous To Synchronous        : NO
Multiplier Style                   : Auto
Automatic Register Balancing       : No

---- Target Options
Add IO Buffers                     : YES
Global Maximum Fanout              : 100000
Add Generic Clock Buffer(BUFG)     : 8
Register Duplication               : YES
Slice Packing                      : YES
Optimize Instantiated Primitives   : NO
Use Clock Enable                   : Yes
Use Synchronous Set                : Yes
Use Synchronous Reset              : Yes
Pack IO Registers into IOBs        : Auto
Equivalent register Removal        : YES

---- General Options
Optimization Goal                  : Speed
Optimization Effort                : 1
Keep Hierarchy                     : No
Netlist Hierarchy                  : As_Optimized
RTL Output                         : Yes
Global Optimization                : AllClockNets
Read Cores                         : YES
Write Timing Constraints           : NO
Cross Clock Analysis               : NO
Hierarchy Separator                : /
Bus Delimiter                      : <>
Case Specifier                     : Maintain
Slice Utilization Ratio            : 100
BRAM Utilization Ratio             : 100
Verilog 2001                       : YES
Auto BRAM Packing                  : NO
Slice Utilization Ratio Delta      : 5

=========================================================================


=========================================================================
*                          HDL Compilation                              *
=========================================================================
Compiling vhdl file "E:/Proj/intro1/clock1.vhd" in Library work.
Architecture behavioral of Entity clock is up to date.

=========================================================================
*                     Design Hierarchy Analysis                         *
=========================================================================
Analyzing hierarchy for entity <clock> in library <work> (architecture <behavioral>).


=========================================================================
*                            HDL Analysis                               *
=========================================================================
Analyzing Entity <clock> in library <work> (Architecture <behavioral>).
Entity <clock> analyzed. Unit <clock> generated.


=========================================================================
*                           HDL Synthesis                               *
=========================================================================

Performing bidirectional port resolution...

Synthesizing Unit <clock>.
    Related source file is "E:/Proj/intro1/clock1.vhd".
    Found 4-bit register for signal <sig_out>.
    Found 32-bit up counter for signal <count>.
    Found 32-bit adder for signal <count$addsub0000> created at line 51.
    Found 4-bit up counter for signal <so>.
    Summary:
	inferred   2 Counter(s).
	inferred   4 D-type flip-flop(s).
	inferred   1 Adder/Subtractor(s).
Unit <clock> synthesized.


=========================================================================
HDL Synthesis Report

Macro Statistics
# Adders/Subtractors                                   : 1
 32-bit adder                                          : 1
# Counters                                             : 2
 32-bit up counter                                     : 1
 4-bit up counter                                      : 1
# Registers                                            : 1
 4-bit register                                        : 1

=========================================================================

=========================================================================
*                       Advanced HDL Synthesis                          *
=========================================================================


=========================================================================
Advanced HDL Synthesis Report

Macro Statistics
# Adders/Subtractors                                   : 1
 32-bit adder                                          : 1
# Counters                                             : 2
 32-bit up counter                                     : 1
 4-bit up counter                                      : 1
# Registers                                            : 4
 Flip-Flops                                            : 4

=========================================================================

=========================================================================
*                         Low Level Synthesis                           *
=========================================================================

Optimizing unit <clock> ...

Mapping all equations...
Building and optimizing final netlist ...
Found area constraint ratio of 100 (+ 5) on block clock, actual ratio is 1.

Final Macro Processing ...

=========================================================================
Final Register Report

Macro Statistics
# Registers                                            : 40
 Flip-Flops                                            : 40

=========================================================================

=========================================================================
*                           Partition Report                            *
=========================================================================

Partition Implementation Status
-------------------------------

  No Partitions were found in this design.

-------------------------------

=========================================================================
*                            Final Report                               *
=========================================================================
Final Results
RTL Top Level Output File Name     : clock.ngr
Top Level Output File Name         : clock
Output Format                      : NGC
Optimization Goal                  : Speed
Keep Hierarchy                     : No

Design Statistics
# IOs                              : 5

Cell Usage :
# BELS                             : 213
#      GND                         : 1
#      INV                         : 3
#      LUT1                        : 62
#      LUT2                        : 1
#      LUT3                        : 1
#      LUT4                        : 10
#      MUXCY                       : 70
#      VCC                         : 1
#      XORCY                       : 64
# FlipFlops/Latches                : 40
#      FDE                         : 4
#      FDR                         : 32
#      FDRE                        : 4
# Clock Buffers                    : 1
#      BUFGP                       : 1
# IO Buffers                       : 4
#      OBUF                        : 4
=========================================================================

Device utilization summary:
---------------------------

Selected Device : 3s400pq208-5 

 Number of Slices:                       49  out of   3584     1%  
 Number of Slice Flip Flops:             40  out of   7168     0%  
 Number of 4 input LUTs:                 77  out of   7168     1%  
 Number of IOs:                           5
 Number of bonded IOBs:                   5  out of    141     3%  
 Number of GCLKs:                         1  out of      8    12%  

---------------------------
Partition Resource Summary:
---------------------------

  No Partitions were found in this design.

---------------------------


=========================================================================
TIMING REPORT

NOTE: THESE TIMING NUMBERS ARE ONLY A SYNTHESIS ESTIMATE.
      FOR ACCURATE TIMING INFORMATION PLEASE REFER TO THE TRACE REPORT
      GENERATED AFTER PLACE-and-ROUTE.

Clock Information:
------------------
-----------------------------------+------------------------+-------+
Clock Signal                       | Clock buffer(FF name)  | Load  |
-----------------------------------+------------------------+-------+
clk                                | BUFGP                  | 40    |
-----------------------------------+------------------------+-------+

Asynchronous Control Signals Information:
----------------------------------------
No asynchronous control signals found in this design

Timing Summary:
---------------
Speed Grade: -5

   Minimum period: 9.395ns (Maximum Frequency: 106.435MHz)
   Minimum input arrival time before clock: No path found
   Maximum output required time after clock: 6.216ns
   Maximum combinational path delay: No path found

Timing Detail:
--------------
All values displayed in nanoseconds (ns)

=========================================================================
Timing constraint: Default period analysis for Clock 'clk'
  Clock period: 9.395ns (frequency: 106.435MHz)
  Total number of paths / destination ports: 21678 / 84
-------------------------------------------------------------------------
Delay:               9.395ns (Levels of Logic = 31)
  Source:            count_1 (FF)
  Destination:       count_0 (FF)
  Source Clock:      clk rising
  Destination Clock: clk rising

  Data Path: count_1 to count_0
                                Gate     Net
    Cell:in->out      fanout   Delay   Delay  Logical Name (Net Name)
    ----------------------------------------  ------------
     FDR:C->Q              2   0.626   1.040  count_1 (count_1)
     LUT1:I0->O            1   0.479   0.000  Madd_count_addsub0000_cy<1>_rt (Madd_count_addsub0000_cy<1>_rt)
     MUXCY:S->O            1   0.435   0.000  Madd_count_addsub0000_cy<1> (Madd_count_addsub0000_cy<1>)
     MUXCY:CI->O           1   0.056   0.000  Madd_count_addsub0000_cy<2> (Madd_count_addsub0000_cy<2>)
     MUXCY:CI->O           1   0.056   0.000  Madd_count_addsub0000_cy<3> (Madd_count_addsub0000_cy<3>)
     MUXCY:CI->O           1   0.056   0.000  Madd_count_addsub0000_cy<4> (Madd_count_addsub0000_cy<4>)
     MUXCY:CI->O           1   0.056   0.000  Madd_count_addsub0000_cy<5> (Madd_count_addsub0000_cy<5>)
     MUXCY:CI->O           1   0.056   0.000  Madd_count_addsub0000_cy<6> (Madd_count_addsub0000_cy<6>)
     MUXCY:CI->O           1   0.056   0.000  Madd_count_addsub0000_cy<7> (Madd_count_addsub0000_cy<7>)
     MUXCY:CI->O           1   0.056   0.000  Madd_count_addsub0000_cy<8> (Madd_count_addsub0000_cy<8>)
     MUXCY:CI->O           1   0.056   0.000  Madd_count_addsub0000_cy<9> (Madd_count_addsub0000_cy<9>)
     MUXCY:CI->O           1   0.056   0.000  Madd_count_addsub0000_cy<10> (Madd_count_addsub0000_cy<10>)
     MUXCY:CI->O           1   0.056   0.000  Madd_count_addsub0000_cy<11> (Madd_count_addsub0000_cy<11>)
     MUXCY:CI->O           1   0.056   0.000  Madd_count_addsub0000_cy<12> (Madd_count_addsub0000_cy<12>)
     MUXCY:CI->O           1   0.056   0.000  Madd_count_addsub0000_cy<13> (Madd_count_addsub0000_cy<13>)
     MUXCY:CI->O           1   0.056   0.000  Madd_count_addsub0000_cy<14> (Madd_count_addsub0000_cy<14>)
     MUXCY:CI->O           1   0.056   0.000  Madd_count_addsub0000_cy<15> (Madd_count_addsub0000_cy<15>)
     MUXCY:CI->O           1   0.056   0.000  Madd_count_addsub0000_cy<16> (Madd_count_addsub0000_cy<16>)
     MUXCY:CI->O           1   0.056   0.000  Madd_count_addsub0000_cy<17> (Madd_count_addsub0000_cy<17>)
     MUXCY:CI->O           1   0.056   0.000  Madd_count_addsub0000_cy<18> (Madd_count_addsub0000_cy<18>)
     MUXCY:CI->O           1   0.056   0.000  Madd_count_addsub0000_cy<19> (Madd_count_addsub0000_cy<19>)
     MUXCY:CI->O           1   0.056   0.000  Madd_count_addsub0000_cy<20> (Madd_count_addsub0000_cy<20>)
     XORCY:CI->O           1   0.786   0.976  Madd_count_addsub0000_xor<21> (count_addsub0000<21>)
     LUT4:I0->O            1   0.479   0.000  count_cmp_eq0000_wg_lut<0> (count_cmp_eq0000_wg_lut<0>)
     MUXCY:S->O            1   0.435   0.000  count_cmp_eq0000_wg_cy<0> (count_cmp_eq0000_wg_cy<0>)
     MUXCY:CI->O           1   0.056   0.000  count_cmp_eq0000_wg_cy<1> (count_cmp_eq0000_wg_cy<1>)
     MUXCY:CI->O           1   0.056   0.000  count_cmp_eq0000_wg_cy<2> (count_cmp_eq0000_wg_cy<2>)
     MUXCY:CI->O           1   0.056   0.000  count_cmp_eq0000_wg_cy<3> (count_cmp_eq0000_wg_cy<3>)
     MUXCY:CI->O           1   0.056   0.000  count_cmp_eq0000_wg_cy<4> (count_cmp_eq0000_wg_cy<4>)
     MUXCY:CI->O           1   0.056   0.000  count_cmp_eq0000_wg_cy<5> (count_cmp_eq0000_wg_cy<5>)
     MUXCY:CI->O           1   0.056   0.000  count_cmp_eq0000_wg_cy<6> (count_cmp_eq0000_wg_cy<6>)
     MUXCY:CI->O          40   0.246   1.614  count_cmp_eq0000_wg_cy<7> (count_cmp_eq0000)
     FDR:R                     0.892          count_0
    ----------------------------------------
    Total                      9.395ns (5.765ns logic, 3.630ns route)
                                       (61.4% logic, 38.6% route)

=========================================================================
Timing constraint: Default OFFSET OUT AFTER for Clock 'clk'
  Total number of paths / destination ports: 4 / 4
-------------------------------------------------------------------------
Offset:              6.216ns (Levels of Logic = 1)
  Source:            sig_out_3 (FF)
  Destination:       sig_out<3> (PAD)
  Source Clock:      clk rising

  Data Path: sig_out_3 to sig_out<3>
                                Gate     Net
    Cell:in->out      fanout   Delay   Delay  Logical Name (Net Name)
    ----------------------------------------  ------------
     FDE:C->Q              1   0.626   0.681  sig_out_3 (sig_out_3)
     OBUF:I->O                 4.909          sig_out_3_OBUF (sig_out<3>)
    ----------------------------------------
    Total                      6.216ns (5.535ns logic, 0.681ns route)
                                       (89.0% logic, 11.0% route)

=========================================================================


Total REAL time to Xst completion: 18.00 secs
Total CPU time to Xst completion: 17.65 secs
 
--> 

Total memory usage is 4491216 kilobytes

Number of errors   :    0 (   0 filtered)
Number of warnings :    0 (   0 filtered)
Number of infos    :    0 (   0 filtered)

