Release 14.7 - xst P.20131013 (nt64)
Copyright (c) 1995-2013 Xilinx, Inc.  All rights reserved.
--> Parameter TMPDIR set to xst/projnav.tmp


Total REAL time to Xst completion: 0.00 secs
Total CPU time to Xst completion: 0.19 secs
 
--> Parameter xsthdpdir set to xst


Total REAL time to Xst completion: 0.00 secs
Total CPU time to Xst completion: 0.19 secs
 
--> Reading design: comparator_if.prj

TABLE OF CONTENTS
  1) Synthesis Options Summary
  2) HDL Compilation
  3) Design Hierarchy Analysis
  4) HDL Analysis
  5) HDL Synthesis
     5.1) HDL Synthesis Report
  6) Advanced HDL Synthesis
     6.1) Advanced HDL Synthesis Report
  7) Low Level Synthesis
  8) Partition Report
  9) Final Report
	9.1) Device utilization summary
	9.2) Partition Resource Summary
	9.3) TIMING REPORT


=========================================================================
*                      Synthesis Options Summary                        *
=========================================================================
---- Source Parameters
Input File Name                    : "comparator_if.prj"
Input Format                       : mixed
Ignore Synthesis Constraint File   : NO

---- Target Parameters
Output File Name                   : "comparator_if"
Output Format                      : NGC
Target Device                      : xc3s400-5-pq208

---- Source Options
Top Module Name                    : comparator_if
Automatic FSM Extraction           : YES
FSM Encoding Algorithm             : Auto
Safe Implementation                : No
FSM Style                          : LUT
RAM Extraction                     : Yes
RAM Style                          : Auto
ROM Extraction                     : Yes
Mux Style                          : Auto
Decoder Extraction                 : YES
Priority Encoder Extraction        : Yes
Shift Register Extraction          : YES
Logical Shifter Extraction         : YES
XOR Collapsing                     : YES
ROM Style                          : Auto
Mux Extraction                     : Yes
Resource Sharing                   : YES
Asynchronous To Synchronous        : NO
Multiplier Style                   : Auto
Automatic Register Balancing       : No

---- Target Options
Add IO Buffers                     : YES
Global Maximum Fanout              : 100000
Add Generic Clock Buffer(BUFG)     : 8
Register Duplication               : YES
Slice Packing                      : YES
Optimize Instantiated Primitives   : NO
Use Clock Enable                   : Yes
Use Synchronous Set                : Yes
Use Synchronous Reset              : Yes
Pack IO Registers into IOBs        : Auto
Equivalent register Removal        : YES

---- General Options
Optimization Goal                  : Speed
Optimization Effort                : 1
Keep Hierarchy                     : No
Netlist Hierarchy                  : As_Optimized
RTL Output                         : Yes
Global Optimization                : AllClockNets
Read Cores                         : YES
Write Timing Constraints           : NO
Cross Clock Analysis               : NO
Hierarchy Separator                : /
Bus Delimiter                      : <>
Case Specifier                     : Maintain
Slice Utilization Ratio            : 100
BRAM Utilization Ratio             : 100
Verilog 2001                       : YES
Auto BRAM Packing                  : NO
Slice Utilization Ratio Delta      : 5

=========================================================================


=========================================================================
*                          HDL Compilation                              *
=========================================================================
Compiling vhdl file "E:/Proj/intro1/comparator_if.vhd" in Library work.
Architecture behavioral of Entity comparator_if is up to date.

=========================================================================
*                     Design Hierarchy Analysis                         *
=========================================================================
Analyzing hierarchy for entity <comparator_if> in library <work> (architecture <behavioral>).


=========================================================================
*                            HDL Analysis                               *
=========================================================================
Analyzing Entity <comparator_if> in library <work> (Architecture <behavioral>).
Entity <comparator_if> analyzed. Unit <comparator_if> generated.


=========================================================================
*                           HDL Synthesis                               *
=========================================================================

Performing bidirectional port resolution...

Synthesizing Unit <comparator_if>.
    Related source file is "E:/Proj/intro1/comparator_if.vhd".
    Found 8-bit comparator greater for signal <GREATER$cmp_gt0000> created at line 47.
    Found 8-bit comparator less for signal <LESS$cmp_lt0000> created at line 50.
    Summary:
	inferred   2 Comparator(s).
Unit <comparator_if> synthesized.


=========================================================================
HDL Synthesis Report

Macro Statistics
# Comparators                                          : 2
 8-bit comparator greater                              : 1
 8-bit comparator less                                 : 1

=========================================================================

=========================================================================
*                       Advanced HDL Synthesis                          *
=========================================================================


=========================================================================
Advanced HDL Synthesis Report

Macro Statistics
# Comparators                                          : 2
 8-bit comparator greater                              : 1
 8-bit comparator less                                 : 1

=========================================================================

=========================================================================
*                         Low Level Synthesis                           *
=========================================================================

Optimizing unit <comparator_if> ...

Mapping all equations...
Building and optimizing final netlist ...
Found area constraint ratio of 100 (+ 5) on block comparator_if, actual ratio is 0.

Final Macro Processing ...

=========================================================================
Final Register Report

Found no macro
=========================================================================

=========================================================================
*                           Partition Report                            *
=========================================================================

Partition Implementation Status
-------------------------------

  No Partitions were found in this design.

-------------------------------

=========================================================================
*                            Final Report                               *
=========================================================================
Final Results
RTL Top Level Output File Name     : comparator_if.ngr
Top Level Output File Name         : comparator_if
Output Format                      : NGC
Optimization Goal                  : Speed
Keep Hierarchy                     : No

Design Statistics
# IOs                              : 19

Cell Usage :
# BELS                             : 36
#      INV                         : 1
#      LUT2                        : 18
#      MUXCY                       : 16
#      VCC                         : 1
# IO Buffers                       : 19
#      IBUF                        : 16
#      OBUF                        : 3
=========================================================================

Device utilization summary:
---------------------------

Selected Device : 3s400pq208-5 

 Number of Slices:                        9  out of   3584     0%  
 Number of 4 input LUTs:                 19  out of   7168     0%  
 Number of IOs:                          19
 Number of bonded IOBs:                  19  out of    141    13%  

---------------------------
Partition Resource Summary:
---------------------------

  No Partitions were found in this design.

---------------------------


=========================================================================
TIMING REPORT

NOTE: THESE TIMING NUMBERS ARE ONLY A SYNTHESIS ESTIMATE.
      FOR ACCURATE TIMING INFORMATION PLEASE REFER TO THE TRACE REPORT
      GENERATED AFTER PLACE-and-ROUTE.

Clock Information:
------------------
No clock signals found in this design

Asynchronous Control Signals Information:
----------------------------------------
No asynchronous control signals found in this design

Timing Summary:
---------------
Speed Grade: -5

   Minimum period: No path found
   Minimum input arrival time before clock: No path found
   Maximum output required time after clock: No path found
   Maximum combinational path delay: 10.402ns

Timing Detail:
--------------
All values displayed in nanoseconds (ns)

=========================================================================
Timing constraint: Default path analysis
  Total number of paths / destination ports: 120 / 3
-------------------------------------------------------------------------
Delay:               10.402ns (Levels of Logic = 12)
  Source:            inputnumber2<0> (PAD)
  Destination:       EQUAL (PAD)

  Data Path: inputnumber2<0> to EQUAL
                                Gate     Net
    Cell:in->out      fanout   Delay   Delay  Logical Name (Net Name)
    ----------------------------------------  ------------
     IBUF:I->O             2   0.715   1.040  inputnumber2_0_IBUF (inputnumber2_0_IBUF)
     LUT2:I0->O            1   0.479   0.000  Mcompar_GREATER_cmp_gt0000_lut<0> (Mcompar_GREATER_cmp_gt0000_lut<0>)
     MUXCY:S->O            1   0.435   0.000  Mcompar_GREATER_cmp_gt0000_cy<0> (Mcompar_GREATER_cmp_gt0000_cy<0>)
     MUXCY:CI->O           1   0.056   0.000  Mcompar_GREATER_cmp_gt0000_cy<1> (Mcompar_GREATER_cmp_gt0000_cy<1>)
     MUXCY:CI->O           1   0.056   0.000  Mcompar_GREATER_cmp_gt0000_cy<2> (Mcompar_GREATER_cmp_gt0000_cy<2>)
     MUXCY:CI->O           1   0.056   0.000  Mcompar_GREATER_cmp_gt0000_cy<3> (Mcompar_GREATER_cmp_gt0000_cy<3>)
     MUXCY:CI->O           1   0.056   0.000  Mcompar_GREATER_cmp_gt0000_cy<4> (Mcompar_GREATER_cmp_gt0000_cy<4>)
     MUXCY:CI->O           1   0.056   0.000  Mcompar_GREATER_cmp_gt0000_cy<5> (Mcompar_GREATER_cmp_gt0000_cy<5>)
     MUXCY:CI->O           1   0.056   0.000  Mcompar_GREATER_cmp_gt0000_cy<6> (Mcompar_GREATER_cmp_gt0000_cy<6>)
     MUXCY:CI->O           3   0.265   1.066  Mcompar_GREATER_cmp_gt0000_cy<7> (Mcompar_GREATER_cmp_gt0000_cy<7>)
     LUT2:I0->O            1   0.479   0.681  EQUAL1 (EQUAL_OBUF)
     OBUF:I->O                 4.909          EQUAL_OBUF (EQUAL)
    ----------------------------------------
    Total                     10.402ns (7.615ns logic, 2.787ns route)
                                       (73.2% logic, 26.8% route)

=========================================================================


Total REAL time to Xst completion: 9.00 secs
Total CPU time to Xst completion: 9.61 secs
 
--> 

Total memory usage is 4504848 kilobytes

Number of errors   :    0 (   0 filtered)
Number of warnings :    0 (   0 filtered)
Number of infos    :    0 (   0 filtered)

