Release 14.7 - xst P.20131013 (nt64)
Copyright (c) 1995-2013 Xilinx, Inc.  All rights reserved.
--> Parameter TMPDIR set to xst/projnav.tmp


Total REAL time to Xst completion: 0.00 secs
Total CPU time to Xst completion: 0.16 secs
 
--> Parameter xsthdpdir set to xst


Total REAL time to Xst completion: 0.00 secs
Total CPU time to Xst completion: 0.17 secs
 
--> Reading design: upcounterdff.prj

TABLE OF CONTENTS
  1) Synthesis Options Summary
  2) HDL Compilation
  3) Design Hierarchy Analysis
  4) HDL Analysis
  5) HDL Synthesis
     5.1) HDL Synthesis Report
  6) Advanced HDL Synthesis
     6.1) Advanced HDL Synthesis Report
  7) Low Level Synthesis
  8) Partition Report
  9) Final Report
	9.1) Device utilization summary
	9.2) Partition Resource Summary
	9.3) TIMING REPORT


=========================================================================
*                      Synthesis Options Summary                        *
=========================================================================
---- Source Parameters
Input File Name                    : "upcounterdff.prj"
Input Format                       : mixed
Ignore Synthesis Constraint File   : NO

---- Target Parameters
Output File Name                   : "upcounterdff"
Output Format                      : NGC
Target Device                      : xc3s400-5-pq208

---- Source Options
Top Module Name                    : upcounterdff
Automatic FSM Extraction           : YES
FSM Encoding Algorithm             : Auto
Safe Implementation                : No
FSM Style                          : LUT
RAM Extraction                     : Yes
RAM Style                          : Auto
ROM Extraction                     : Yes
Mux Style                          : Auto
Decoder Extraction                 : YES
Priority Encoder Extraction        : Yes
Shift Register Extraction          : YES
Logical Shifter Extraction         : YES
XOR Collapsing                     : YES
ROM Style                          : Auto
Mux Extraction                     : Yes
Resource Sharing                   : YES
Asynchronous To Synchronous        : NO
Multiplier Style                   : Auto
Automatic Register Balancing       : No

---- Target Options
Add IO Buffers                     : YES
Global Maximum Fanout              : 100000
Add Generic Clock Buffer(BUFG)     : 8
Register Duplication               : YES
Slice Packing                      : YES
Optimize Instantiated Primitives   : NO
Use Clock Enable                   : Yes
Use Synchronous Set                : Yes
Use Synchronous Reset              : Yes
Pack IO Registers into IOBs        : Auto
Equivalent register Removal        : YES

---- General Options
Optimization Goal                  : Speed
Optimization Effort                : 1
Keep Hierarchy                     : No
Netlist Hierarchy                  : As_Optimized
RTL Output                         : Yes
Global Optimization                : AllClockNets
Read Cores                         : YES
Write Timing Constraints           : NO
Cross Clock Analysis               : NO
Hierarchy Separator                : /
Bus Delimiter                      : <>
Case Specifier                     : Maintain
Slice Utilization Ratio            : 100
BRAM Utilization Ratio             : 100
Verilog 2001                       : YES
Auto BRAM Packing                  : NO
Slice Utilization Ratio Delta      : 5

=========================================================================


=========================================================================
*                          HDL Compilation                              *
=========================================================================
Compiling vhdl file "E:/Proj/intro1/D-FF.vhd" in Library work.
Architecture behavioral of Entity dff is up to date.
Compiling vhdl file "E:/Proj/intro1/upcounterdff.vhd" in Library work.
Architecture behavioral of Entity upcounterdff is up to date.

=========================================================================
*                     Design Hierarchy Analysis                         *
=========================================================================
Analyzing hierarchy for entity <upcounterdff> in library <work> (architecture <behavioral>).

Analyzing hierarchy for entity <DFF> in library <work> (architecture <behavioral>).


=========================================================================
*                            HDL Analysis                               *
=========================================================================
Analyzing Entity <upcounterdff> in library <work> (Architecture <behavioral>).
Entity <upcounterdff> analyzed. Unit <upcounterdff> generated.

Analyzing Entity <DFF> in library <work> (Architecture <behavioral>).
Entity <DFF> analyzed. Unit <DFF> generated.


=========================================================================
*                           HDL Synthesis                               *
=========================================================================

Performing bidirectional port resolution...

Synthesizing Unit <DFF>.
    Related source file is "E:/Proj/intro1/D-FF.vhd".
    Found 1-bit register for signal <qbar>.
    Found 1-bit register for signal <q>.
    Summary:
	inferred   2 D-type flip-flop(s).
Unit <DFF> synthesized.


Synthesizing Unit <upcounterdff>.
    Related source file is "E:/Proj/intro1/upcounterdff.vhd".
Unit <upcounterdff> synthesized.


=========================================================================
HDL Synthesis Report

Macro Statistics
# Registers                                            : 8
 1-bit register                                        : 8

=========================================================================

=========================================================================
*                       Advanced HDL Synthesis                          *
=========================================================================


=========================================================================
Advanced HDL Synthesis Report

Macro Statistics
# Registers                                            : 8
 Flip-Flops                                            : 8

=========================================================================

=========================================================================
*                         Low Level Synthesis                           *
=========================================================================

Optimizing unit <upcounterdff> ...

Mapping all equations...
Building and optimizing final netlist ...
Found area constraint ratio of 100 (+ 5) on block upcounterdff, actual ratio is 0.

Final Macro Processing ...

=========================================================================
Final Register Report

Macro Statistics
# Registers                                            : 8
 Flip-Flops                                            : 8

=========================================================================

=========================================================================
*                           Partition Report                            *
=========================================================================

Partition Implementation Status
-------------------------------

  No Partitions were found in this design.

-------------------------------

=========================================================================
*                            Final Report                               *
=========================================================================
Final Results
RTL Top Level Output File Name     : upcounterdff.ngr
Top Level Output File Name         : upcounterdff
Output Format                      : NGC
Optimization Goal                  : Speed
Keep Hierarchy                     : No

Design Statistics
# IOs                              : 6

Cell Usage :
# BELS                             : 16
#      LUT2                        : 2
#      LUT3                        : 2
#      LUT3_L                      : 5
#      LUT4                        : 5
#      LUT4_L                      : 1
#      VCC                         : 1
# FlipFlops/Latches                : 8
#      FDR                         : 8
# Clock Buffers                    : 1
#      BUFGP                       : 1
# IO Buffers                       : 5
#      IBUF                        : 1
#      OBUF                        : 4
=========================================================================

Device utilization summary:
---------------------------

Selected Device : 3s400pq208-5 

 Number of Slices:                       11  out of   3584     0%  
 Number of Slice Flip Flops:              8  out of   7168     0%  
 Number of 4 input LUTs:                 15  out of   7168     0%  
 Number of IOs:                           6
 Number of bonded IOBs:                   6  out of    141     4%  
 Number of GCLKs:                         1  out of      8    12%  

---------------------------
Partition Resource Summary:
---------------------------

  No Partitions were found in this design.

---------------------------


=========================================================================
TIMING REPORT

NOTE: THESE TIMING NUMBERS ARE ONLY A SYNTHESIS ESTIMATE.
      FOR ACCURATE TIMING INFORMATION PLEASE REFER TO THE TRACE REPORT
      GENERATED AFTER PLACE-and-ROUTE.

Clock Information:
------------------
-----------------------------------+------------------------+-------+
Clock Signal                       | Clock buffer(FF name)  | Load  |
-----------------------------------+------------------------+-------+
clk                                | BUFGP                  | 8     |
-----------------------------------+------------------------+-------+

Asynchronous Control Signals Information:
----------------------------------------
No asynchronous control signals found in this design

Timing Summary:
---------------
Speed Grade: -5

   Minimum period: 4.973ns (Maximum Frequency: 201.094MHz)
   Minimum input arrival time before clock: 4.584ns
   Maximum output required time after clock: 6.441ns
   Maximum combinational path delay: No path found

Timing Detail:
--------------
All values displayed in nanoseconds (ns)

=========================================================================
Timing constraint: Default period analysis for Clock 'clk'
  Clock period: 4.973ns (frequency: 201.094MHz)
  Total number of paths / destination ports: 34 / 8
-------------------------------------------------------------------------
Delay:               4.973ns (Levels of Logic = 2)
  Source:            DFF3/q (FF)
  Destination:       DFF2/q (FF)
  Source Clock:      clk rising
  Destination Clock: clk rising

  Data Path: DFF3/q to DFF2/q
                                Gate     Net
    Cell:in->out      fanout   Delay   Delay  Logical Name (Net Name)
    ----------------------------------------  ------------
     FDR:C->Q              7   0.626   1.076  DFF3/q (DFF3/q)
     LUT3:I1->O            1   0.479   0.740  DFF2/q_or00008 (DFF2/q_or00008)
     LUT3:I2->O            1   0.479   0.681  DFF2/q_or000028 (DFF2/q_or0000)
     FDR:R                     0.892          DFF2/q
    ----------------------------------------
    Total                      4.973ns (2.476ns logic, 2.497ns route)
                                       (49.8% logic, 50.2% route)

=========================================================================
Timing constraint: Default OFFSET IN BEFORE for Clock 'clk'
  Total number of paths / destination ports: 8 / 8
-------------------------------------------------------------------------
Offset:              4.584ns (Levels of Logic = 3)
  Source:            reset (PAD)
  Destination:       DFF2/qbar (FF)
  Destination Clock: clk rising

  Data Path: reset to DFF2/qbar
                                Gate     Net
    Cell:in->out      fanout   Delay   Delay  Logical Name (Net Name)
    ----------------------------------------  ------------
     IBUF:I->O             8   0.715   1.216  reset_IBUF (reset_IBUF)
     LUT3_L:I0->LO         1   0.479   0.123  DFF1/qbar_or0000_SW0 (N3)
     LUT4:I3->O            1   0.479   0.681  DFF1/qbar_or0000 (DFF1/qbar_or0000)
     FDR:R                     0.892          DFF1/qbar
    ----------------------------------------
    Total                      4.584ns (2.565ns logic, 2.019ns route)
                                       (56.0% logic, 44.0% route)

=========================================================================
Timing constraint: Default OFFSET OUT AFTER for Clock 'clk'
  Total number of paths / destination ports: 4 / 4
-------------------------------------------------------------------------
Offset:              6.441ns (Levels of Logic = 1)
  Source:            DFF3/q (FF)
  Destination:       outo<1> (PAD)
  Source Clock:      clk rising

  Data Path: DFF3/q to outo<1>
                                Gate     Net
    Cell:in->out      fanout   Delay   Delay  Logical Name (Net Name)
    ----------------------------------------  ------------
     FDR:C->Q              7   0.626   0.906  DFF3/q (DFF3/q)
     OBUF:I->O                 4.909          outo_1_OBUF (outo<1>)
    ----------------------------------------
    Total                      6.441ns (5.535ns logic, 0.906ns route)
                                       (85.9% logic, 14.1% route)

=========================================================================


Total REAL time to Xst completion: 8.00 secs
Total CPU time to Xst completion: 7.57 secs
 
--> 

Total memory usage is 4505616 kilobytes

Number of errors   :    0 (   0 filtered)
Number of warnings :    0 (   0 filtered)
Number of infos    :    0 (   0 filtered)

